[0.338s] Invoking command in '/home/juyoungoh/Projects/Autonomous-Quadcopter-Drone/ground_control_station/build/controls': PYTHONPATH=/home/juyoungoh/Projects/Autonomous-Quadcopter-Drone/ground_control_station/build/controls/prefix_override:/home/juyoungoh/.local/lib/python3.10/site-packages/colcon_core/task/python/colcon_distutils_commands:/home/juyoungoh/Projects/Autonomous-Quadcopter-Drone/ground_control_station/install/controls/lib/python3.10/site-packages:${PYTHONPATH} /usr/bin/python3 -W ignore:setup.py install is deprecated setup.py develop --editable --build-directory /home/juyoungoh/Projects/Autonomous-Quadcopter-Drone/ground_control_station/build/controls/build --no-deps symlink_data
[0.474s] running develop
[0.474s] /usr/lib/python3/dist-packages/setuptools/command/easy_install.py:158: EasyInstallDeprecationWarning: easy_install command is deprecated. Use build and pip and other standards-based tools.
[0.475s]   warnings.warn(
[0.549s] running egg_info
[0.549s] creating controls.egg-info
[0.549s] writing controls.egg-info/PKG-INFO
[0.549s] writing dependency_links to controls.egg-info/dependency_links.txt
[0.549s] writing entry points to controls.egg-info/entry_points.txt
[0.549s] writing requirements to controls.egg-info/requires.txt
[0.549s] writing top-level names to controls.egg-info/top_level.txt
[0.549s] writing manifest file 'controls.egg-info/SOURCES.txt'
[0.550s] reading manifest file 'controls.egg-info/SOURCES.txt'
[0.550s] writing manifest file 'controls.egg-info/SOURCES.txt'
[0.551s] running build_ext
[0.551s] Creating /home/juyoungoh/Projects/Autonomous-Quadcopter-Drone/ground_control_station/install/controls/lib/python3.10/site-packages/controls.egg-link (link to .)
[0.552s] Installing controls_pub script to /home/juyoungoh/Projects/Autonomous-Quadcopter-Drone/ground_control_station/install/controls/lib/controls
[0.552s] 
[0.552s] Installed /home/juyoungoh/Projects/Autonomous-Quadcopter-Drone/ground_control_station/build/controls
[0.552s] running symlink_data
[0.552s] creating /home/juyoungoh/Projects/Autonomous-Quadcopter-Drone/ground_control_station/install/controls/share/ament_index
[0.552s] creating /home/juyoungoh/Projects/Autonomous-Quadcopter-Drone/ground_control_station/install/controls/share/ament_index/resource_index
[0.552s] creating /home/juyoungoh/Projects/Autonomous-Quadcopter-Drone/ground_control_station/install/controls/share/ament_index/resource_index/packages
[0.552s] symbolically linking /home/juyoungoh/Projects/Autonomous-Quadcopter-Drone/ground_control_station/build/controls/resource/controls -> /home/juyoungoh/Projects/Autonomous-Quadcopter-Drone/ground_control_station/install/controls/share/ament_index/resource_index/packages
[0.552s] symbolically linking /home/juyoungoh/Projects/Autonomous-Quadcopter-Drone/ground_control_station/build/controls/package.xml -> /home/juyoungoh/Projects/Autonomous-Quadcopter-Drone/ground_control_station/install/controls/share/controls
[0.567s] Invoked command in '/home/juyoungoh/Projects/Autonomous-Quadcopter-Drone/ground_control_station/build/controls' returned '0': PYTHONPATH=/home/juyoungoh/Projects/Autonomous-Quadcopter-Drone/ground_control_station/build/controls/prefix_override:/home/juyoungoh/.local/lib/python3.10/site-packages/colcon_core/task/python/colcon_distutils_commands:/home/juyoungoh/Projects/Autonomous-Quadcopter-Drone/ground_control_station/install/controls/lib/python3.10/site-packages:${PYTHONPATH} /usr/bin/python3 -W ignore:setup.py install is deprecated setup.py develop --editable --build-directory /home/juyoungoh/Projects/Autonomous-Quadcopter-Drone/ground_control_station/build/controls/build --no-deps symlink_data
